<?xml version="1.0" encoding="UTF-8"?>
<!-- Generated by org.testng.reporters.JUnitXMLReporter -->
<testsuite ignored="0" hostname="Chetan" failures="0" tests="1" name="Test-runner-1" time="11.807" errors="0" timestamp="2022-01-19T09:58:48 IST">
  <testcase classname="com.crm.comcast.GenericUtility.BaseClass" name="@BeforeMethod configBm" time="-1.642566528101E9">
    <failure type="org.testng.TestNGException" message="
Parameter &amp;apos;browser&amp;apos; is required by BeforeMethod on method configBm but has not been marked @Optional or defined
in F:\sdet\com.crm.comcast.sdet28\DistributedParallelExecution_testng.xml">
      <![CDATA[org.testng.TestNGException: 
Parameter 'browser' is required by BeforeMethod on method configBm but has not been marked @Optional or defined
in F:\sdet\com.crm.comcast.sdet28\DistributedParallelExecution_testng.xml
at java.base/java.util.ArrayList.forEach(ArrayList.java:1511)
at java.base/java.util.concurrent.FutureTask.run(FutureTask.java:264)
at java.base/java.util.concurrent.ThreadPoolExecutor.runWorker(ThreadPoolExecutor.java:1130)
at java.base/java.util.concurrent.ThreadPoolExecutor$Worker.run(ThreadPoolExecutor.java:630)
at java.base/java.lang.Thread.run(Thread.java:831)
... Removed 19 stack frames]]>
    </failure>
  </testcase> <!-- @BeforeMethod configBm -->
  <testcase classname="com.crm.comcast.GenericUtility.BaseClass" name="@AfterMethod configAm" time="-1.642566528169E9">
    <skipped/>
  </testcase> <!-- @AfterMethod configAm -->
  <testcase classname="com.crm.comcast.GenericUtility.BaseClass" name="@AfterClass configAc" time="-1.642566528264E9">
    <skipped/>
  </testcase> <!-- @AfterClass configAc -->
  <testcase classname="com.crm.comcast.GenericUtility.BaseClass" name="@BeforeMethod configBm" time="-1.642566528305E9">
    <failure type="org.testng.TestNGException" message="
Parameter &amp;apos;browser&amp;apos; is required by BeforeMethod on method configBm but has not been marked @Optional or defined
in F:\sdet\com.crm.comcast.sdet28\DistributedParallelExecution_testng.xml">
      <![CDATA[org.testng.TestNGException: 
Parameter 'browser' is required by BeforeMethod on method configBm but has not been marked @Optional or defined
in F:\sdet\com.crm.comcast.sdet28\DistributedParallelExecution_testng.xml
at java.base/java.util.ArrayList.forEach(ArrayList.java:1511)
at java.base/java.util.concurrent.FutureTask.run(FutureTask.java:264)
at java.base/java.util.concurrent.ThreadPoolExecutor.runWorker(ThreadPoolExecutor.java:1130)
at java.base/java.util.concurrent.ThreadPoolExecutor$Worker.run(ThreadPoolExecutor.java:630)
at java.base/java.lang.Thread.run(Thread.java:831)
... Removed 19 stack frames]]>
    </failure>
  </testcase> <!-- @BeforeMethod configBm -->
  <testcase classname="com.crm.comcast.GenericUtility.BaseClass" name="@AfterMethod configAm" time="-1.642566528315E9">
    <skipped/>
  </testcase> <!-- @AfterMethod configAm -->
  <testcase classname="com.crm.comcast.GenericUtility.BaseClass" name="@AfterClass configAc" time="-1.642566528317E9">
    <skipped/>
  </testcase> <!-- @AfterClass configAc -->
  <testcase classname="PurchaseorderTest.CreatePurchaseOrderWithItemAndClickOnDownwardSymbolTest" name="createpurchasewithitemandClickDownward" time="0.0">
    <skipped/>
  </testcase> <!-- createpurchasewithitemandClickDownward -->
</testsuite> <!-- Test-runner-1 -->
